[2025-07-02 09:52:31] INFO: Fetching contact with id: cmck0v7k70000slj8v9cq6zln
[2025-07-02 09:52:31] INFO: Contact found: name 1 (cmck0v7k70000slj8v9cq6zln)
[2025-07-02 09:52:49] INFO: Fetching contact with id: cmck0v7k70000slj8v9cq6zln
[2025-07-02 09:52:49] INFO: Contact found: name 1 (cmck0v7k70000slj8v9cq6zln)
[2025-07-02 09:52:52] INFO: Fetching contact with id: cmck0v7k70000slj8v9cq6zln
[2025-07-02 09:52:52] INFO: Contact found: name 1 (cmck0v7k70000slj8v9cq6zln)
[2025-07-02 09:52:54] INFO: Fetching contact with id: cmck0v7k70000slj8v9cq6zln
[2025-07-02 09:52:54] INFO: Contact found: name 1 (cmck0v7k70000slj8v9cq6zln)
[2025-07-02 09:52:56] INFO: Fetching contact with id: idsaiasd
[2025-07-02 09:52:56] WARN: Contact not found for id: idsaiasd
[2025-07-02 09:53:05] INFO: Fetching contact with id: cmck0v7k70000slj8v9cq6zln
[2025-07-02 09:53:05] INFO: Contact found: name 1 (cmck0v7k70000slj8v9cq6zln)
[2025-07-02 09:53:06] INFO: fetching all contact
[2025-07-02 09:54:20] INFO: fetching all contact
[2025-07-02 09:54:47] INFO: fetching all contact
[2025-07-02 09:55:05] INFO: fetching all contact
[2025-07-02 09:55:06] INFO: fetching all contact
[2025-07-02 09:55:36] INFO: fetching all contact
[2025-07-02 09:55:54] INFO: fetching all contact
[2025-07-02 09:55:58] INFO: fetching all contact
[2025-07-02 10:04:18] INFO: fetching all contact
[2025-07-02 10:04:29] INFO: fetching all contact
[2025-07-02 10:04:31] INFO: Fetching contact with id: cmck3ndvz0000slr8lmqppgx0
[2025-07-02 10:04:31] INFO: Contact found: jdsajdsajdsa1 (cmck3ndvz0000slr8lmqppgx0)
[2025-07-02 10:04:40] INFO: fetching all contact
[2025-07-02 10:04:43] INFO: fetching all contact
[2025-07-02 10:04:44] INFO: Fetching contact with id: cmck3ndvz0000slr8lmqppgx0
[2025-07-02 10:04:44] INFO: Contact found: jdsajdsajdsa1 (cmck3ndvz0000slr8lmqppgx0)
[2025-07-02 10:04:48] INFO: fetching all contact
[2025-07-02 10:04:50] INFO: fetching all contact
[2025-07-02 10:04:50] INFO: Fetching contact with id: cmck3ndvz0000slr8lmqppgx0
[2025-07-02 10:04:50] INFO: Contact found: update (cmck3ndvz0000slr8lmqppgx0)
[2025-07-02 10:04:59] INFO: fetching all contact
[2025-07-02 10:05:02] INFO: Fetching contact with id: cmck3ndvz0000slr8lmqppgx0
[2025-07-02 10:05:02] INFO: Contact found: ijsdajsdiajsadi (cmck3ndvz0000slr8lmqppgx0)
[2025-07-02 10:05:09] INFO: fetching all contact
[2025-07-02 10:40:02] INFO: fetching all contact
[2025-07-02 10:40:04] INFO: fetching all contact
[2025-07-02 10:40:04] INFO: fetching all contact
[2025-07-02 10:40:06] INFO: fetching all contact
[2025-07-02 10:40:23] INFO: fetching all contact
[2025-07-02 10:40:24] INFO: fetching all contact
[2025-07-02 10:40:25] INFO: fetching all contact
[2025-07-02 10:40:44] INFO: fetching all contact
[2025-07-02 10:40:47] INFO: fetching all contact
[2025-07-02 10:40:49] INFO: fetching all contact
[2025-07-02 10:40:55] INFO: Fetching contact with id: cmck0wxc60001slj805h1bb4n
[2025-07-02 10:40:55] INFO: Contact found: name 2 (cmck0wxc60001slj805h1bb4n)
[2025-07-02 10:40:55] INFO: Fetching contact with id: cmck0wxc60001slj805h1bb4n
[2025-07-02 10:40:55] INFO: Contact found: name 2 (cmck0wxc60001slj805h1bb4n)
[2025-07-02 10:40:56] INFO: Fetching contact with id: cmck0wxc60001slj805h1bb4n
[2025-07-02 10:40:56] INFO: Contact found: name 2 (cmck0wxc60001slj805h1bb4n)
[2025-07-02 10:40:56] INFO: fetching all contact
[2025-07-02 10:40:56] INFO: fetching all contact
[2025-07-02 10:41:03] INFO: Fetching contact with id: cmck0wxc60001slj805h1bb4n
[2025-07-02 10:41:03] INFO: Contact found: name 2 (cmck0wxc60001slj805h1bb4n)
[2025-07-02 10:41:04] INFO: Fetching contact with id: cmck0wxc60001slj805h1bb4n
[2025-07-02 10:41:04] INFO: Contact found: name 2 (cmck0wxc60001slj805h1bb4n)
[2025-07-02 10:41:05] INFO: Fetching contact with id: cmck0wxc60001slj805h1bb4n
[2025-07-02 10:41:05] INFO: Contact found: name 2 (cmck0wxc60001slj805h1bb4n)
[2025-07-02 10:41:05] INFO: fetching all contact
[2025-07-02 10:41:05] INFO: fetching all contact
[2025-07-02 10:41:37] INFO: fetching all contact
[2025-07-02 10:41:40] INFO: fetching all contact
[2025-07-02 10:41:44] INFO: Fetching contact with id: cmck0wxc60001slj805h1bb4n
[2025-07-02 10:41:44] INFO: Contact found: name 2 (cmck0wxc60001slj805h1bb4n)
[2025-07-02 10:41:44] INFO: Fetching contact with id: cmck0wxc60001slj805h1bb4n
[2025-07-02 10:41:44] INFO: Contact found: name 2 (cmck0wxc60001slj805h1bb4n)
[2025-07-02 10:41:45] INFO: fetching all contact
[2025-07-02 10:41:45] INFO: fetching all contact
[2025-07-02 10:41:54] INFO: fetching all contact
[2025-07-02 10:41:55] INFO: fetching all contact
[2025-07-02 10:42:07] INFO: fetching all contact
[2025-07-02 10:42:08] INFO: fetching all contact
[2025-07-02 10:42:14] INFO: fetching all contact
[2025-07-02 10:42:16] INFO: fetching all contact
[2025-07-02 10:42:18] INFO: fetching all contact
[2025-07-02 10:42:21] INFO: fetching all contact
[2025-07-02 10:42:27] INFO: Fetching contact with id: cmck0wxc60001slj805h1bb4n
[2025-07-02 10:42:27] INFO: Contact found: name 2 (cmck0wxc60001slj805h1bb4n)
[2025-07-02 10:42:28] INFO: Fetching contact with id: cmck0wxc60001slj805h1bb4n
[2025-07-02 10:42:28] INFO: Contact found: name 2 (cmck0wxc60001slj805h1bb4n)
[2025-07-02 10:42:28] INFO: Fetching contact with id: cmck0wxc60001slj805h1bb4n
[2025-07-02 10:42:28] INFO: Contact found: name 2 (cmck0wxc60001slj805h1bb4n)
[2025-07-02 10:42:29] INFO: fetching all contact
[2025-07-02 10:42:29] INFO: fetching all contact
[2025-07-02 10:42:40] INFO: fetching all contact
[2025-07-02 10:42:41] INFO: fetching all contact
[2025-07-02 10:42:42] INFO: fetching all contact
[2025-07-02 10:42:45] INFO: fetching all contact
[2025-07-02 10:42:51] INFO: fetching all contact
[2025-07-02 10:42:56] INFO: fetching all contact
[2025-07-02 10:43:14] INFO: fetching all contact
[2025-07-02 10:48:45] INFO: fetching all contact
[2025-07-02 10:49:10] INFO: fetching all contact
[2025-07-02 10:49:10] INFO: fetching all contact
[2025-07-02 10:49:12] INFO: fetching all contact
[2025-07-02 10:49:12] INFO: fetching all contact
[2025-07-02 10:49:17] INFO: fetching all contact
[2025-07-02 10:49:17] INFO: fetching all contact
[2025-07-02 10:49:20] INFO: fetching all contact
[2025-07-02 10:49:20] INFO: fetching all contact
[2025-07-02 10:49:55] INFO: fetching all contact
[2025-07-02 10:49:56] INFO: fetching all contact
[2025-07-02 10:54:37] INFO: fetching all contact
[2025-07-02 10:54:39] INFO: fetching all contact
[2025-07-02 10:54:51] INFO: fetching all contact
[2025-07-02 10:54:51] INFO: fetching all contact
[2025-07-02 10:54:52] INFO: fetching all contact
[2025-07-02 10:54:53] INFO: fetching all contact
[2025-07-02 10:54:59] INFO: fetching all contact
[2025-07-02 10:55:15] INFO: fetching all contact
[2025-07-02 10:55:15] INFO: fetching all contact
[2025-07-02 10:55:24] INFO: fetching all contact
[2025-07-02 10:55:25] INFO: fetching all contact
[2025-07-02 10:55:56] INFO: fetching all contact
[2025-07-02 10:57:02] INFO: fetching all contact
[2025-07-02 10:57:07] INFO: fetching all contact
[2025-07-02 10:57:08] INFO: fetching all contact
[2025-07-02 10:57:09] INFO: fetching all contact
[2025-07-02 10:57:13] INFO: fetching all contact
[2025-07-02 10:57:17] INFO: fetching all contact
[2025-07-02 10:57:18] INFO: fetching all contact
[2025-07-02 10:58:28] INFO: fetching all contact
[2025-07-02 10:58:28] INFO: fetching all contact
[2025-07-02 10:58:33] INFO: fetching all contact
[2025-07-02 10:58:33] INFO: fetching all contact
[2025-07-02 11:00:46] INFO: fetching all contact
[2025-07-02 11:00:48] INFO: fetching all contact
[2025-07-02 11:00:49] INFO: fetching all contact
[2025-07-02 11:01:00] INFO: fetching all contact
[2025-07-02 11:23:25] INFO: fetching all contact
[2025-07-02 11:23:25] INFO: fetching all contact
[2025-07-02 11:23:28] INFO: fetching all contact
[2025-07-02 11:23:30] INFO: fetching all contact
[2025-07-02 11:24:37] INFO: fetching all contact
[2025-07-02 11:24:38] INFO: fetching all contact
[2025-07-02 11:25:27] INFO: fetching all contact
[2025-07-02 11:26:24] INFO: fetching all contact
[2025-07-02 11:26:25] INFO: fetching all contact
[2025-07-02 11:26:48] INFO: fetching all contact
[2025-07-02 11:26:59] INFO: fetching all contact
[2025-07-02 11:27:06] INFO: fetching all contact
[2025-07-02 11:29:55] INFO: fetching all contact
